<?xml version="1.0" encoding="UTF-8"?>
<testsuite xmlns:xsi="http://www.w3.org/2001/XMLSchema-instance" xsi:noNamespaceSchemaLocation="https://maven.apache.org/surefire/maven-surefire-plugin/xsd/surefire-test-report.xsd" version="3.0.2" name="com.etiya.customerservice.CustomerServiceApplicationTests" time="13.379" tests="1" errors="0" skipped="0" failures="0">
  <properties>
[...]
</properties>
  <testcase name="contextLoads" classname="com.etiya.customerservice.CustomerServiceApplicationTests" time="0.602">
    <system-out><![CDATA[16:05:29.659 [main] INFO org.springframework.test.context.support.AnnotationConfigContextLoaderUtils -- Could not detect default configuration classes for test class [com.etiya.customerservice.CustomerServiceApplicationTests]: CustomerServiceApplicationTests does not declare any static, non-private, non-final, nested classes annotated with @Configuration.
16:05:29.862 [main] INFO org.springframework.boot.test.context.SpringBootTestContextBootstrapper -- Found @SpringBootConfiguration com.etiya.customerservice.CustomerServiceApplication for test class com.etiya.customerservice.CustomerServiceApplicationTests
  .   ____          _            __ _ _
 /\\ / ___'_ __ _ _(_)_ __  __ _ \ \ \ \
( ( )\___ | '_ | '_| | '_ \/ _` | \ \ \ \
 \\/  ___)| |_)| | | | | || (_| |  ) ) ) )
  '  |____| .__|_| |_|_| |_\__, | / / / /
 =========|_|==============|___/=/_/_/_/
 
 :: Spring Boot ::   v4.0.0
 :: Spring Cloud Stream ::   v5.0.0
 :: Spring Cloud Function ::   v5.0.0
2026-07-06T16:05:31.569+03:00  INFO 31356 --- [customer-service] [           main] c.e.c.CustomerServiceApplicationTests    : Starting CustomerServiceApplicationTests using Java 25.0.3 with PID 31356 (started by safa.yilmaz in C:\etiya-crm-lite-microservice\customer-service)
2026-07-06T16:05:31.571+03:00  INFO 31356 --- [customer-service] [           main] c.e.c.CustomerServiceApplicationTests    : The following 1 profile is active: "test"
2026-07-06T16:05:31.609+03:00  INFO 31356 --- [customer-service] [           main] o.s.c.c.c.ConfigServerConfigDataLoader   : Fetching config from server at : http://localhost:8888
2026-07-06T16:05:31.609+03:00  INFO 31356 --- [customer-service] [           main] o.s.c.c.c.ConfigServerConfigDataLoader   : Exception on Url - http://localhost:8888:org.springframework.web.client.ResourceAccessException: I/O error on GET request for "http://localhost:8888/customer-service/default": Connection refused: getsockopt. Will be trying the next url if available
2026-07-06T16:05:31.609+03:00  WARN 31356 --- [customer-service] [           main] o.s.c.c.c.ConfigServerConfigDataLoader   : Could not locate PropertySource ([ConfigServerConfigDataResource@5e5beb8a uris = array<String>['http://localhost:8888'], optional = true, profiles = 'default']): I/O error on GET request for "http://localhost:8888/customer-service/default": Connection refused: getsockopt
2026-07-06T16:05:31.610+03:00  INFO 31356 --- [customer-service] [           main] o.s.c.c.c.ConfigServerConfigDataLoader   : Fetching config from server at : http://localhost:8888
2026-07-06T16:05:31.610+03:00  INFO 31356 --- [customer-service] [           main] o.s.c.c.c.ConfigServerConfigDataLoader   : Exception on Url - http://localhost:8888:org.springframework.web.client.ResourceAccessException: I/O error on GET request for "http://localhost:8888/customer-service/test": Connection refused: getsockopt. Will be trying the next url if available
2026-07-06T16:05:31.611+03:00  WARN 31356 --- [customer-service] [           main] o.s.c.c.c.ConfigServerConfigDataLoader   : Could not locate PropertySource ([ConfigServerConfigDataResource@66223d94 uris = array<String>['http://localhost:8888'], optional = true, profiles = 'test']): I/O error on GET request for "http://localhost:8888/customer-service/test": Connection refused: getsockopt
2026-07-06T16:05:31.611+03:00  INFO 31356 --- [customer-service] [           main] o.s.c.c.c.ConfigServerConfigDataLoader   : Fetching config from server at : http://localhost:8888
2026-07-06T16:05:31.611+03:00  INFO 31356 --- [customer-service] [           main] o.s.c.c.c.ConfigServerConfigDataLoader   : Exception on Url - http://localhost:8888:org.springframework.web.client.ResourceAccessException: I/O error on GET request for "http://localhost:8888/customer-service/default": Connection refused: getsockopt. Will be trying the next url if available
2026-07-06T16:05:31.611+03:00  WARN 31356 --- [customer-service] [           main] o.s.c.c.c.ConfigServerConfigDataLoader   : Could not locate PropertySource ([ConfigServerConfigDataResource@2bc7db89 uris = array<String>['http://localhost:8888'], optional = true, profiles = 'default']): I/O error on GET request for "http://localhost:8888/customer-service/default": Connection refused: getsockopt
2026-07-06T16:05:33.980+03:00  INFO 31356 --- [customer-service] [           main] .s.d.r.c.RepositoryConfigurationDelegate : Multiple Spring Data modules found, entering strict repository configuration mode
2026-07-06T16:05:33.983+03:00  INFO 31356 --- [customer-service] [           main] .s.d.r.c.RepositoryConfigurationDelegate : Bootstrapping Spring Data JPA repositories in DEFAULT mode.
2026-07-06T16:05:34.285+03:00  INFO 31356 --- [customer-service] [           main] .s.d.r.c.RepositoryConfigurationDelegate : Finished Spring Data repository scanning in 285 ms. Found 6 JPA repository interfaces.
2026-07-06T16:05:34.318+03:00  INFO 31356 --- [customer-service] [           main] .s.d.r.c.RepositoryConfigurationDelegate : Multiple Spring Data modules found, entering strict repository configuration mode
2026-07-06T16:05:34.320+03:00  INFO 31356 --- [customer-service] [           main] .s.d.r.c.RepositoryConfigurationDelegate : Bootstrapping Spring Data Redis repositories in DEFAULT mode.
2026-07-06T16:05:34.364+03:00  INFO 31356 --- [customer-service] [           main] .RepositoryConfigurationExtensionSupport : Spring Data Redis - Could not safely identify store assignment for repository candidate interface com.etiya.customerservice.dataAccess.AddressRepository; If you want this repository to be a Redis repository, consider annotating your entities with one of these annotations: org.springframework.data.redis.core.RedisHash (preferred), or consider extending one of the following types with your repository: org.springframework.data.keyvalue.repository.KeyValueRepository
2026-07-06T16:05:34.365+03:00  INFO 31356 --- [customer-service] [           main] .RepositoryConfigurationExtensionSupport : Spring Data Redis - Could not safely identify store assignment for repository candidate interface com.etiya.customerservice.dataAccess.CustomerContactInfoRepository; If you want this repository to be a Redis repository, consider annotating your entities with one of these annotations: org.springframework.data.redis.core.RedisHash (preferred), or consider extending one of the following types with your repository: org.springframework.data.keyvalue.repository.KeyValueRepository
2026-07-06T16:05:34.366+03:00  INFO 31356 --- [customer-service] [           main] .RepositoryConfigurationExtensionSupport : Spring Data Redis - Could not safely identify store assignment for repository candidate interface com.etiya.customerservice.dataAccess.CustomerRepository; If you want this repository to be a Redis repository, consider annotating your entities with one of these annotations: org.springframework.data.redis.core.RedisHash (preferred), or consider extending one of the following types with your repository: org.springframework.data.keyvalue.repository.KeyValueRepository
2026-07-06T16:05:34.367+03:00  INFO 31356 --- [customer-service] [           main] .RepositoryConfigurationExtensionSupport : Spring Data Redis - Could not safely identify store assignment for repository candidate interface com.etiya.customerservice.dataAccess.InboxMessageRepository; If you want this repository to be a Redis repository, consider annotating your entities with one of these annotations: org.springframework.data.redis.core.RedisHash (preferred), or consider extending one of the following types with your repository: org.springframework.data.keyvalue.repository.KeyValueRepository
2026-07-06T16:05:34.370+03:00  INFO 31356 --- [customer-service] [           main] .RepositoryConfigurationExtensionSupport : Spring Data Redis - Could not safely identify store assignment for repository candidate interface com.etiya.customerservice.dataAccess.IndividualCustomerRepository; If you want this repository to be a Redis repository, consider annotating your entities with one of these annotations: org.springframework.data.redis.core.RedisHash (preferred), or consider extending one of the following types with your repository: org.springframework.data.keyvalue.repository.KeyValueRepository
2026-07-06T16:05:34.370+03:00  INFO 31356 --- [customer-service] [           main] .RepositoryConfigurationExtensionSupport : Spring Data Redis - Could not safely identify store assignment for repository candidate interface com.etiya.customerservice.dataAccess.OutboxEventRepository; If you want this repository to be a Redis repository, consider annotating your entities with one of these annotations: org.springframework.data.redis.core.RedisHash (preferred), or consider extending one of the following types with your repository: org.springframework.data.keyvalue.repository.KeyValueRepository
2026-07-06T16:05:34.371+03:00  INFO 31356 --- [customer-service] [           main] .s.d.r.c.RepositoryConfigurationDelegate : Finished Spring Data repository scanning in 32 ms. Found 0 Redis repository interfaces.
2026-07-06T16:05:34.910+03:00  INFO 31356 --- [customer-service] [           main] faultConfiguringBeanFactoryPostProcessor : No bean named 'errorChannel' has been explicitly defined. Therefore, a default PublishSubscribeChannel will be created.
2026-07-06T16:05:34.923+03:00  INFO 31356 --- [customer-service] [           main] faultConfiguringBeanFactoryPostProcessor : No bean named 'integrationHeaderChannelRegistry' has been explicitly defined. Therefore, a default DefaultHeaderChannelRegistry will be created.
2026-07-06T16:05:35.081+03:00  INFO 31356 --- [customer-service] [           main] o.s.cloud.context.scope.GenericScope     : BeanFactory id=61d7427e-207d-3a9d-9e4d-7e5b3e19f637
2026-07-06T16:05:35.761+03:00  INFO 31356 --- [customer-service] [           main] o.hibernate.jpa.internal.util.LogHelper  : HHH000204: Processing PersistenceUnitInfo [name: default]
2026-07-06T16:05:35.850+03:00  INFO 31356 --- [customer-service] [           main] org.hibernate.Version                    : HHH000412: Hibernate ORM core version 7.1.8.Final
2026-07-06T16:05:36.698+03:00  INFO 31356 --- [customer-service] [           main] o.s.o.j.p.SpringPersistenceUnitInfo      : No LoadTimeWeaver setup: ignoring JPA class transformer
2026-07-06T16:05:36.751+03:00  INFO 31356 --- [customer-service] [           main] com.zaxxer.hikari.HikariDataSource       : HikariPool-1 - Starting...
2026-07-06T16:05:37.027+03:00  INFO 31356 --- [customer-service] [           main] com.zaxxer.hikari.pool.HikariPool        : HikariPool-1 - Added connection conn0: url=jdbc:h2:mem:customerdb user=SA
2026-07-06T16:05:37.029+03:00  INFO 31356 --- [customer-service] [           main] com.zaxxer.hikari.HikariDataSource       : HikariPool-1 - Start completed.
2026-07-06T16:05:37.059+03:00  WARN 31356 --- [customer-service] [           main] org.hibernate.orm.deprecation            : HHH90000025: H2Dialect does not need to be specified explicitly using 'hibernate.dialect' (remove the property setting and it will be selected by default)
2026-07-06T16:05:37.089+03:00  INFO 31356 --- [customer-service] [           main] org.hibernate.orm.connections.pooling    : HHH10001005: Database info:
	Database JDBC URL [jdbc:h2:mem:customerdb]
	Database driver: H2 JDBC Driver
	Database dialect: H2Dialect
	Database version: 2.4.240
	Default catalog/schema: CUSTOMERDB/PUBLIC
	Autocommit mode: undefined/unknown
	Isolation level: READ_COMMITTED [default READ_COMMITTED]
	JDBC fetch size: 100
	Pool: DatasourceConnectionProviderImpl
	Minimum pool size: undefined/unknown
	Maximum pool size: undefined/unknown
2026-07-06T16:05:38.616+03:00  INFO 31356 --- [customer-service] [           main] o.h.e.t.j.p.i.JtaPlatformInitiator       : HHH000489: No JTA platform available (set 'hibernate.transaction.jta.platform' to enable JTA platform integration)
2026-07-06T16:05:38.685+03:00  INFO 31356 --- [customer-service] [           main] j.LocalContainerEntityManagerFactoryBean : Initialized JPA EntityManagerFactory for persistence unit 'default'
2026-07-06T16:05:38.839+03:00  INFO 31356 --- [customer-service] [           main] o.s.d.j.r.query.QueryEnhancerFactories   : Hibernate is in classpath; If applicable, HQL parser will be used.
2026-07-06T16:05:40.201+03:00  WARN 31356 --- [customer-service] [           main] JpaBaseConfiguration$JpaWebConfiguration : spring.jpa.open-in-view is enabled by default. Therefore, database queries may be performed during view rendering. Explicitly configure spring.jpa.open-in-view to disable this warning
2026-07-06T16:05:41.812+03:00  INFO 31356 --- [customer-service] [           main] DiscoveryClientOptionalArgsConfiguration : Eureka HTTP Client uses RestClient.
2026-07-06T16:05:41.872+03:00  WARN 31356 --- [customer-service] [           main] iguration$LoadBalancerCaffeineWarnLogger : Spring Cloud LoadBalancer is currently working with the default cache. While this cache implementation is useful for development and tests, it's recommended to use Caffeine cache in production.You can switch to using Caffeine cache, by adding it and org.springframework.cache.caffeine.CaffeineCacheManager to the classpath.
2026-07-06T16:05:41.880+03:00  INFO 31356 --- [customer-service] [           main] o.s.b.a.e.web.EndpointLinksResolver      : Exposing 1 endpoint beneath base path '/actuator'
2026-07-06T16:05:42.020+03:00  INFO 31356 --- [customer-service] [           main] o.s.i.endpoint.EventDrivenConsumer       : Adding {logging-channel-adapter:_org.springframework.integration.errorLogger} as a subscriber to the 'errorChannel' channel
2026-07-06T16:05:42.020+03:00  INFO 31356 --- [customer-service] [           main] o.s.i.channel.PublishSubscribeChannel    : Channel 'customer-service.errorChannel' has 1 subscriber(s).
2026-07-06T16:05:42.021+03:00  INFO 31356 --- [customer-service] [           main] o.s.i.endpoint.EventDrivenConsumer       : started bean '_org.springframework.integration.errorLogger'
2026-07-06T16:05:42.037+03:00  INFO 31356 --- [customer-service] [           main] c.e.c.CustomerServiceApplicationTests    : Started CustomerServiceApplicationTests in 11.744 seconds (process running for 13.841)
]]></system-out>
    <system-err><![CDATA[Mockito is currently self-attaching to enable the inline-mock-maker. This will no longer work in future releases of the JDK. Please add Mockito as an agent to your build as described in Mockito's documentation: https://javadoc.io/doc/org.mockito/mockito-core/latest/org.mockito/org/mockito/Mockito.html#0.3
WARNING: A Java agent has been loaded dynamically (C:\Users\safa.yilmaz\.m2\repository\net\bytebuddy\byte-buddy-agent\1.17.8\byte-buddy-agent-1.17.8.jar)
WARNING: If a serviceability tool is in use, please run with -XX:+EnableDynamicAgentLoading to hide this warning
WARNING: If a serviceability tool is not in use, please run with -Djdk.instrument.traceUsage for more information
WARNING: Dynamic loading of agents will be disallowed by default in a future release
]]></system-err>
  </testcase>
</testsuite>